TN:
SF:src/worker.ts
FN:7,startMythVerificationWorker
FN:18,messageHandler
FNF:2
FNH:2
FNDA:3,startMythVerificationWorker
FNDA:5,messageHandler
DA:1,1
DA:5,1
DA:7,1
DA:8,3
DA:9,3
DA:11,3
DA:12,3
DA:13,2
DA:15,2
DA:16,2
DA:18,2
DA:19,5
DA:20,5
DA:21,5
DA:23,5
DA:24,4
DA:25,4
DA:26,3
DA:27,3
DA:28,3
DA:29,3
DA:30,3
DA:31,3
DA:33,4
DA:34,4
DA:35,4
DA:36,2
DA:37,2
DA:38,1
DA:39,1
DA:40,1
DA:41,1
DA:43,4
DA:44,4
DA:45,4
DA:46,4
DA:47,4
DA:49,4
DA:50,4
DA:51,5
DA:53,4
DA:54,4
DA:55,5
DA:56,1
DA:57,1
DA:58,1
DA:59,5
DA:61,2
DA:62,2
DA:63,2
DA:64,3
DA:65,1
DA:66,1
DA:67,3
LF:54
LH:54
BRDA:7,0,0,3
BRDA:12,1,0,2
BRDA:64,2,0,1
BRDA:18,3,0,5
BRDA:51,4,0,4
BRDA:55,5,0,1
BRDA:23,6,0,4
BRDA:25,7,0,3
BRDA:35,8,0,2
BRDA:35,9,0,2
BRDA:37,10,0,1
BRDA:49,11,0,1
BRF:12
BRH:12
end_of_record
TN:
SF:src/middleware/auth.ts
FN:16,verifyFirebaseToken
FN:52,verifyUserOwnership
FN:70,enforceHttps
FN:78,setSecureHeaders
FNF:4
FNH:4
FNDA:10,verifyFirebaseToken
FNDA:6,verifyUserOwnership
FNDA:5,enforceHttps
FNDA:3,setSecureHeaders
DA:1,1
DA:16,10
DA:17,10
DA:18,10
DA:19,10
DA:20,10
DA:21,10
DA:22,10
DA:24,10
DA:25,5
DA:26,5
DA:27,5
DA:29,4
DA:31,4
DA:32,4
DA:34,10
DA:35,1
DA:36,1
DA:37,1
DA:39,1
DA:40,1
DA:41,9
DA:42,2
DA:43,2
DA:44,2
DA:45,2
DA:46,10
DA:47,1
DA:48,1
DA:49,1
DA:50,10
DA:52,1
DA:53,6
DA:54,6
DA:56,6
DA:57,1
DA:58,1
DA:59,1
DA:61,6
DA:62,2
DA:63,2
DA:64,2
DA:65,2
DA:67,3
DA:68,3
DA:70,1
DA:71,5
DA:72,1
DA:73,1
DA:74,1
DA:75,4
DA:76,4
DA:78,1
DA:79,3
DA:80,3
DA:81,3
DA:82,3
DA:83,3
DA:84,3
DA:85,3
LF:60
LH:60
BRDA:16,0,0,10
BRDA:24,1,0,6
BRDA:24,2,0,5
BRDA:27,3,0,4
BRDA:32,4,0,2
BRDA:34,5,0,9
BRDA:34,6,0,1
BRDA:41,7,0,2
BRDA:43,8,0,1
BRDA:43,9,0,0
BRDA:43,10,0,1
BRDA:46,11,0,1
BRDA:52,12,0,6
BRDA:54,13,0,1
BRDA:56,14,0,1
BRDA:59,15,0,5
BRDA:61,16,0,4
BRDA:61,17,0,2
BRDA:65,18,0,3
BRDA:70,19,0,5
BRDA:71,20,0,1
BRDA:71,21,0,4
BRDA:71,22,0,1
BRDA:78,23,0,3
BRF:24
BRH:23
end_of_record
TN:
SF:src/middleware/output-encoding.ts
FN:13,encodeHtml
FN:30,encodeJson
FN:38,sanitizeResponseData
FN:67,sanitizeJsonResponse
FN:74,res.json
FN:85,preventResponseSplitting
FN:92,res.setHeader
FN:106,secureResponseHeaders
FN:126,safeRedirect
FNF:9
FNH:9
FNDA:71,encodeHtml
FNDA:3,encodeJson
FNDA:49,sanitizeResponseData
FNDA:7,sanitizeJsonResponse
FNDA:5,res.json
FNDA:14,preventResponseSplitting
FNDA:91,res.setHeader
FNDA:14,secureResponseHeaders
FNDA:2,safeRedirect
DA:1,1
DA:13,1
DA:15,71
DA:16,71
DA:17,71
DA:18,71
DA:19,71
DA:20,71
DA:21,71
DA:22,71
DA:24,71
DA:25,71
DA:30,1
DA:31,3
DA:32,3
DA:33,3
DA:38,1
DA:39,49
DA:40,22
DA:41,22
DA:43,49
DA:44,6
DA:45,6
DA:47,49
DA:48,1
DA:49,1
DA:50,20
DA:52,49
DA:53,1
DA:54,1
DA:56,19
DA:57,49
DA:58,32
DA:59,32
DA:60,32
DA:61,19
DA:62,19
DA:67,1
DA:68,7
DA:69,7
DA:70,7
DA:71,7
DA:72,7
DA:74,7
DA:75,5
DA:76,5
DA:77,5
DA:79,7
DA:80,7
DA:85,1
DA:86,14
DA:87,14
DA:88,14
DA:89,14
DA:90,14
DA:92,14
DA:93,91
DA:94,6
DA:95,6
DA:96,6
DA:97,85
DA:98,91
DA:100,14
DA:101,14
DA:106,1
DA:107,14
DA:108,14
DA:109,14
DA:110,14
DA:111,14
DA:112,14
DA:113,14
DA:114,14
DA:115,14
DA:116,14
DA:117,14
DA:118,14
DA:119,14
DA:120,14
DA:121,14
DA:126,1
DA:127,2
DA:128,2
DA:129,1
DA:130,1
DA:131,1
DA:132,1
DA:133,1
DA:134,1
LF:89
LH:89
BRDA:13,0,0,71
BRDA:24,1,0,105
BRDA:30,2,0,3
BRDA:38,3,0,49
BRDA:39,4,0,22
BRDA:41,5,0,45
BRDA:41,6,0,27
BRDA:43,7,0,23
BRDA:43,8,0,6
BRDA:45,9,0,21
BRDA:47,10,0,1
BRDA:49,11,0,20
BRDA:52,12,0,1
BRDA:54,13,0,19
BRDA:57,14,0,32
BRDA:60,15,0,19
BRDA:53,16,0,2
BRDA:67,17,0,7
BRDA:74,18,0,5
BRDA:85,19,0,14
BRDA:92,20,0,91
BRDA:93,21,0,90
BRDA:93,22,0,6
BRDA:96,23,0,85
BRDA:106,24,0,14
BRDA:126,25,0,2
BRDA:128,26,0,1
BRDA:128,27,0,0
BRDA:128,28,0,1
BRF:29
BRH:28
end_of_record
TN:
SF:src/middleware/rbac.ts
FN:25,requireRole
FN:57,requireAdmin
FN:64,requireModerator
FN:75,requireAuth
FNF:4
FNH:4
FNDA:27,requireRole
FNDA:3,requireAdmin
FNDA:3,requireModerator
FNDA:5,requireAuth
DA:1,1
DA:10,1
DA:11,1
DA:12,1
DA:13,1
DA:14,1
DA:25,1
DA:26,27
DA:27,30
DA:28,30
DA:30,30
DA:31,3
DA:32,3
DA:33,3
DA:34,3
DA:36,30
DA:38,30
DA:39,8
DA:40,8
DA:41,8
DA:42,8
DA:45,18
DA:46,18
DA:47,30
DA:48,1
DA:49,1
DA:50,1
DA:51,30
DA:52,27
DA:57,1
DA:58,3
DA:59,3
DA:64,1
DA:65,3
DA:66,3
DA:67,3
DA:68,3
DA:69,3
DA:70,3
DA:75,1
DA:76,5
DA:77,2
DA:78,2
DA:79,2
DA:80,3
DA:81,3
DA:82,3
LF:47
LH:47
BRDA:10,0,0,4
BRDA:25,1,0,27
BRDA:26,2,0,30
BRDA:30,3,0,3
BRDA:34,4,0,26
BRDA:36,5,0,22
BRDA:36,6,0,4
BRDA:38,7,0,8
BRDA:42,8,0,18
BRDA:47,9,0,1
BRDA:57,10,0,3
BRDA:64,11,0,3
BRDA:75,12,0,5
BRDA:76,13,0,2
BRDA:79,14,0,3
BRF:15
BRH:15
end_of_record
TN:
SF:src/middleware/security.ts
FN:30,generateDeviceFingerprint
FN:44,validateSessionFingerprint
FN:88,validateSessionSecurity
FN:116,clearSession
FN:125,logActivity
FN:139,detectSuspiciousActivity
FN:160,detectSuspiciousActivityMiddleware
FN:190,clearActivityLogs
FN:195,generateSecureSessionToken
FN:205,validateSessionTokenExpiration
FN:214,generateCsrfToken
FN:218,validateCsrfToken
FNF:12
FNH:12
FNDA:16,generateDeviceFingerprint
FNDA:23,validateSessionFingerprint
FNDA:6,validateSessionSecurity
FNDA:15,clearSession
FNDA:18,logActivity
FNDA:9,detectSuspiciousActivity
FNDA:5,detectSuspiciousActivityMiddleware
FNDA:14,clearActivityLogs
FNDA:2,generateSecureSessionToken
FNDA:4,validateSessionTokenExpiration
FNDA:1,generateCsrfToken
FNDA:1,validateCsrfToken
DA:1,1
DA:25,1
DA:30,1
DA:31,16
DA:32,16
DA:33,16
DA:34,16
DA:35,16
DA:36,16
DA:38,16
DA:39,16
DA:44,23
DA:45,23
DA:46,23
DA:47,23
DA:48,23
DA:49,23
DA:50,23
DA:52,23
DA:54,16
DA:55,16
DA:56,16
DA:57,16
DA:58,16
DA:59,16
DA:60,16
DA:61,16
DA:62,16
DA:64,6
DA:67,23
DA:68,4
DA:69,4
DA:70,4
DA:73,23
DA:74,0
DA:75,0
DA:76,0
DA:79,2
DA:80,2
DA:82,2
DA:83,2
DA:88,6
DA:89,6
DA:90,6
DA:91,6
DA:92,0
DA:93,0
DA:94,0
DA:96,6
DA:97,6
DA:99,5
DA:100,2
DA:101,2
DA:102,2
DA:103,2
DA:105,3
DA:106,3
DA:107,6
DA:108,1
DA:109,1
DA:110,1
DA:111,6
DA:116,15
DA:117,15
DA:118,15
DA:119,15
DA:120,15
DA:125,18
DA:126,18
DA:127,18
DA:128,18
DA:129,18
DA:130,18
DA:131,18
DA:132,18
DA:134,18
DA:135,18
DA:136,18
DA:137,18
DA:139,9
DA:140,9
DA:141,9
DA:142,9
DA:144,3
DA:145,3
DA:146,3
DA:148,3
DA:149,9
DA:151,3
DA:152,3
DA:153,3
DA:154,3
DA:155,3
DA:157,0
DA:158,0
DA:160,5
DA:161,5
DA:162,5
DA:163,5
DA:164,5
DA:165,5
DA:166,5
DA:167,5
DA:168,1
DA:169,1
DA:170,1
DA:172,5
DA:174,5
DA:175,1
DA:176,1
DA:177,1
DA:178,1
DA:180,2
DA:181,4
DA:182,1
DA:183,1
DA:184,1
DA:185,5
DA:190,14
DA:191,14
DA:192,14
DA:193,14
DA:195,1
DA:196,2
DA:197,2
DA:198,2
DA:199,2
DA:200,2
DA:201,2
DA:202,2
DA:203,2
DA:205,1
DA:206,4
DA:207,4
DA:208,4
DA:209,4
DA:210,2
DA:211,2
DA:212,4
DA:214,1
DA:215,1
DA:216,1
DA:218,1
DA:219,1
DA:220,1
LF:145
LH:137
BRDA:30,0,0,16
BRDA:32,1,0,1
BRDA:33,2,0,4
BRDA:34,3,0,4
BRDA:35,4,0,1
BRDA:35,5,0,0
BRDA:35,6,0,1
BRDA:44,7,0,23
BRDA:50,8,0,22
BRDA:52,9,0,16
BRDA:56,10,0,0
BRDA:56,11,0,0
BRDA:57,12,0,0
BRDA:62,13,0,6
BRDA:67,14,0,4
BRDA:70,15,0,2
BRDA:73,16,0,0
BRDA:73,17,0,0
BRDA:76,18,0,2
BRDA:88,19,0,6
BRDA:91,20,0,0
BRDA:97,21,0,5
BRDA:99,22,0,2
BRDA:103,23,0,3
BRDA:107,24,0,1
BRDA:116,25,0,15
BRDA:125,26,0,18
BRDA:139,27,0,9
BRDA:141,28,0,8
BRDA:142,29,0,5
BRDA:142,30,0,3
BRDA:149,31,0,0
BRDA:149,32,0,3
BRDA:155,33,0,0
BRDA:144,34,0,15
BRDA:148,35,0,15
BRDA:151,36,0,15
BRDA:160,37,0,5
BRDA:167,38,0,1
BRDA:170,39,0,4
BRDA:172,40,0,1
BRDA:172,41,0,4
BRDA:174,42,0,3
BRDA:174,43,0,1
BRDA:178,44,0,4
BRDA:178,45,0,2
BRDA:181,46,0,1
BRDA:190,47,0,14
BRDA:195,48,0,2
BRDA:205,49,0,4
BRDA:209,50,0,2
BRDA:214,51,0,1
BRDA:218,52,0,1
BRF:53
BRH:44
end_of_record
TN:
SF:src/middleware/threat-detection.ts
FN:30,recordAuthFailure
FN:35,blockIp
FN:36,unblockIp
FN:37,getAuthFailureCount
FN:38,getIpRequestCount
FN:39,isIpBlocked
FN:44,resetThreatCounters
FN:53,calculateThreatScore
FN:101,threatDetectionMiddleware
FNF:9
FNH:8
FNDA:17,recordAuthFailure
FNDA:1,blockIp
FNDA:1,unblockIp
FNDA:2,getAuthFailureCount
FNDA:1,getIpRequestCount
FNDA:0,isIpBlocked
FNDA:15,resetThreatCounters
FNDA:200,calculateThreatScore
FNDA:10,threatDetectionMiddleware
DA:1,1
DA:19,1
DA:20,1
DA:21,1
DA:23,1
DA:24,1
DA:25,1
DA:30,1
DA:31,17
DA:32,17
DA:33,17
DA:35,1
DA:36,1
DA:37,1
DA:38,1
DA:39,1
DA:44,1
DA:45,15
DA:46,15
DA:47,15
DA:48,15
DA:53,1
DA:54,200
DA:55,200
DA:56,200
DA:59,200
DA:60,1
DA:61,1
DA:64,200
DA:65,200
DA:66,200
DA:67,31
DA:68,31
DA:69,31
DA:72,200
DA:73,200
DA:74,2
DA:75,2
DA:76,2
DA:79,200
DA:80,200
DA:81,8
DA:82,8
DA:83,199
DA:84,4
DA:85,4
DA:86,4
DA:89,200
DA:90,200
DA:91,3
DA:92,3
DA:93,3
DA:95,199
DA:96,199
DA:101,1
DA:102,10
DA:103,10
DA:104,10
DA:105,10
DA:106,10
DA:108,10
DA:109,10
DA:110,10
DA:111,10
DA:113,10
DA:114,1
DA:116,1
DA:117,1
DA:118,1
DA:119,1
DA:120,1
DA:121,1
DA:122,1
DA:123,1
DA:124,1
DA:125,1
DA:126,1
DA:127,1
DA:130,1
DA:131,1
DA:132,1
DA:133,1
DA:134,1
DA:135,1
DA:136,1
DA:138,9
DA:139,9
LF:87
LH:87
BRDA:30,0,0,17
BRDA:31,1,0,6
BRDA:35,2,0,1
BRDA:36,3,0,1
BRDA:37,4,0,2
BRDA:37,5,0,1
BRDA:38,6,0,1
BRDA:44,7,0,15
BRDA:53,8,0,200
BRDA:56,9,0,2
BRDA:59,10,0,1
BRDA:61,11,0,199
BRDA:64,12,0,14
BRDA:66,13,0,31
BRDA:69,14,0,199
BRDA:72,15,0,197
BRDA:73,16,0,2
BRDA:76,17,0,199
BRDA:79,18,0,8
BRDA:80,19,0,199
BRDA:80,20,0,8
BRDA:83,21,0,191
BRDA:83,22,0,4
BRDA:89,23,0,2
BRDA:89,24,0,2
BRDA:90,25,0,3
BRDA:93,26,0,199
BRDA:101,27,0,10
BRDA:106,28,0,2
BRDA:113,29,0,1
BRDA:118,30,0,0
BRDA:136,31,0,9
BRF:32
BRH:31
end_of_record
TN:
SF:src/middleware/validation.ts
FN:12,validateBody
FN:39,validateQuery
FN:68,validateParams
FNF:3
FNH:3
FNDA:16,validateBody
FNDA:5,validateQuery
FNDA:4,validateParams
DA:1,1
DA:12,1
DA:13,16
DA:14,18
DA:15,18
DA:16,18
DA:17,18
DA:18,18
DA:19,11
DA:21,10
DA:22,10
DA:23,10
DA:24,10
DA:25,12
DA:26,12
DA:27,10
DA:28,10
DA:29,10
DA:30,10
DA:31,1
DA:32,1
DA:33,18
DA:34,16
DA:39,1
DA:40,5
DA:41,5
DA:42,5
DA:45,5
DA:46,5
DA:47,5
DA:48,2
DA:50,1
DA:51,1
DA:52,1
DA:53,1
DA:54,1
DA:55,1
DA:56,1
DA:57,1
DA:58,1
DA:59,1
DA:60,1
DA:61,1
DA:62,5
DA:63,5
DA:68,1
DA:69,4
DA:70,4
DA:71,4
DA:72,4
DA:73,4
DA:74,4
DA:75,2
DA:77,1
DA:78,1
DA:79,1
DA:80,1
DA:81,1
DA:82,1
DA:83,1
DA:84,1
DA:85,1
DA:86,1
DA:87,1
DA:88,1
DA:89,4
DA:90,4
DA:96,1
DA:98,1
DA:99,1
DA:100,1
DA:101,1
DA:102,1
DA:105,1
DA:108,1
DA:111,1
DA:114,1
DA:117,1
DA:120,1
DA:121,1
DA:122,1
DA:123,1
DA:126,1
DA:127,1
DA:128,1
DA:131,1
DA:132,1
DA:133,1
DA:134,1
DA:135,1
DA:136,1
DA:139,1
DA:140,1
DA:141,1
DA:142,1
DA:143,1
DA:144,1
LF:97
LH:97
BRDA:12,0,0,16
BRDA:13,1,0,18
BRDA:18,2,0,11
BRDA:19,3,0,10
BRDA:30,4,0,1
BRDA:24,5,0,12
BRDA:39,6,0,5
BRDA:40,7,0,5
BRDA:47,8,0,2
BRDA:48,9,0,1
BRDA:53,10,0,1
BRDA:68,11,0,4
BRDA:69,12,0,4
BRDA:74,13,0,2
BRDA:75,14,0,1
BRDA:80,15,0,1
BRF:16
BRH:16
end_of_record
TN:
SF:src/modules/ai/ai.service.ts
FN:36,<instance_members_initializer>
FN:39,AIService
FN:47,setupBreakerEvents
FN:54,verifyClaim
FN:58,chatAssistant
FN:67,performVerifyClaim
FN:115,performChatAssistant
FNF:7
FNH:7
FNDA:6,<instance_members_initializer>
FNDA:6,AIService
FNDA:12,setupBreakerEvents
FNDA:5,verifyClaim
FNDA:5,chatAssistant
FNDA:3,performVerifyClaim
FNDA:5,performChatAssistant
DA:1,1
DA:11,1
DA:13,1
DA:14,1
DA:15,1
DA:16,1
DA:17,1
DA:35,1
DA:36,1
DA:37,6
DA:39,1
DA:40,6
DA:41,6
DA:43,6
DA:44,6
DA:45,6
DA:47,1
DA:48,12
DA:49,12
DA:50,12
DA:51,12
DA:52,12
DA:54,1
DA:55,5
DA:56,5
DA:58,1
DA:59,5
DA:60,5
DA:61,5
DA:62,5
DA:63,5
DA:64,5
DA:65,5
DA:67,1
DA:68,3
DA:69,3
DA:70,3
DA:72,3
DA:73,3
DA:74,3
DA:75,3
DA:76,3
DA:77,3
DA:78,3
DA:79,3
DA:80,1
DA:81,1
DA:82,1
DA:83,3
DA:84,2
DA:85,2
DA:87,3
DA:89,3
DA:90,3
DA:95,3
DA:96,3
DA:97,3
DA:98,3
DA:99,3
DA:100,3
DA:101,3
DA:102,3
DA:104,3
DA:105,3
DA:107,2
DA:108,3
DA:110,2
DA:111,2
DA:112,2
DA:113,3
DA:115,1
DA:116,5
DA:117,5
DA:118,5
DA:119,5
DA:120,5
DA:121,5
DA:122,5
DA:124,5
DA:125,5
DA:127,5
DA:128,5
DA:129,5
DA:131,5
DA:132,5
DA:134,5
DA:135,5
DA:136,5
DA:137,5
DA:138,5
DA:139,5
DA:140,5
DA:141,5
DA:142,5
DA:143,5
DA:144,5
DA:146,5
DA:147,5
DA:149,5
DA:152,5
DA:153,5
DA:154,5
DA:156,4
DA:157,3
DA:159,3
DA:160,5
DA:161,1
DA:163,1
LF:108
LH:108
BRDA:36,0,0,6
BRDA:39,1,0,6
BRDA:47,2,0,12
BRDA:48,3,0,2
BRDA:54,4,0,5
BRDA:58,5,0,5
BRDA:67,6,0,3
BRDA:78,7,0,1
BRDA:79,8,0,1
BRDA:83,9,0,2
BRDA:105,10,0,1
BRDA:105,11,0,2
BRDA:108,12,0,0
BRDA:108,13,0,2
BRDA:81,14,0,1
BRDA:115,15,0,5
BRDA:122,16,0,1
BRDA:122,17,0,4
BRDA:129,18,0,4
BRDA:129,19,0,0
BRDA:129,20,0,1
BRDA:147,21,0,1
BRDA:147,22,0,4
BRDA:149,23,0,3
BRDA:149,24,0,2
BRDA:154,25,0,0
BRDA:154,26,0,4
BRDA:156,27,0,3
BRF:28
BRH:25
end_of_record
TN:
SF:src/modules/communication/pubsub-batch.service.ts
FN:21,addToBatch
FN:42,flushBatch
FN:74,shutdown
FNF:3
FNH:3
FNDA:106,addToBatch
FNDA:8,flushBatch
FNDA:1,shutdown
DA:1,1
DA:5,1
DA:6,1
DA:7,1
DA:15,1
DA:16,1
DA:21,106
DA:22,106
DA:23,106
DA:24,106
DA:25,106
DA:26,106
DA:28,106
DA:29,1
DA:30,106
DA:31,5
DA:32,1
DA:33,0
DA:34,1
DA:35,5
DA:36,5
DA:37,106
DA:42,8
DA:43,8
DA:44,1
DA:45,0
DA:46,0
DA:47,0
DA:48,1
DA:49,1
DA:51,7
DA:52,7
DA:53,7
DA:54,7
DA:55,110
DA:56,7
DA:58,7
DA:59,4
DA:60,4
DA:62,4
DA:63,4
DA:64,4
DA:65,4
DA:66,8
DA:67,3
DA:68,3
DA:69,8
DA:74,1
DA:75,1
DA:76,1
DA:77,1
LF:51
LH:47
BRDA:21,0,0,106
BRDA:28,1,0,1
BRDA:30,2,0,105
BRDA:30,3,0,5
BRDA:31,4,0,1
BRDA:42,5,0,8
BRDA:43,6,0,1
BRDA:44,7,0,0
BRDA:49,8,0,7
BRDA:58,9,0,4
BRDA:66,10,0,3
BRDA:54,11,0,110
BRDA:74,12,0,1
BRF:13
BRH:12
end_of_record
TN:
SF:src/modules/communication/pubsub.service.ts
FN:6,publishMythVerification
FNF:1
FNH:1
FNDA:3,publishMythVerification
DA:1,1
DA:4,1
DA:6,1
DA:7,3
DA:9,3
DA:10,3
DA:11,3
DA:13,3
DA:14,2
DA:16,1
DA:17,1
DA:18,1
DA:19,1
DA:20,3
LF:14
LH:14
BRDA:6,0,0,3
BRDA:13,1,0,2
BRDA:14,2,0,1
BRF:3
BRH:3
end_of_record
TN:
SF:src/modules/identity/admin.service.ts
FNF:0
FNH:0
DA:1,1
DA:6,1
DA:9,1
DA:10,1
DA:13,1
DA:14,1
DA:15,1
LF:7
LH:7
BRF:0
BRH:0
end_of_record
TN:
SF:src/modules/security/audit.service.ts
FN:26,logAuditEvent
FN:50,logAuthEvent
FN:70,logAdminAction
FN:99,logSecurityEvent
FN:126,getUserAuditLogs
FN:145,getAllAuditLogs
FN:163,getSecurityEvents
FNF:7
FNH:7
FNDA:25,logAuditEvent
FNDA:6,logAuthEvent
FNDA:6,logAdminAction
FNDA:11,logSecurityEvent
FNDA:6,getUserAuditLogs
FNDA:5,getAllAuditLogs
FNDA:9,getSecurityEvents
DA:1,1
DA:26,25
DA:27,25
DA:28,25
DA:29,25
DA:30,25
DA:31,25
DA:32,25
DA:35,25
DA:37,24
DA:38,24
DA:39,24
DA:40,24
DA:41,25
DA:42,1
DA:44,1
DA:45,25
DA:50,6
DA:51,6
DA:52,6
DA:53,6
DA:54,6
DA:55,6
DA:56,6
DA:57,6
DA:58,6
DA:59,6
DA:60,6
DA:61,6
DA:62,6
DA:63,6
DA:64,6
DA:65,6
DA:70,6
DA:71,6
DA:72,6
DA:73,6
DA:74,6
DA:75,6
DA:76,6
DA:77,6
DA:78,6
DA:79,6
DA:80,6
DA:81,6
DA:82,6
DA:83,6
DA:84,6
DA:85,6
DA:86,6
DA:88,6
DA:90,5
DA:91,6
DA:92,1
DA:93,1
DA:94,6
DA:99,11
DA:100,11
DA:101,11
DA:102,11
DA:103,11
DA:104,11
DA:105,11
DA:106,11
DA:107,11
DA:108,11
DA:109,11
DA:110,11
DA:111,11
DA:112,11
DA:113,11
DA:115,11
DA:117,10
DA:118,11
DA:119,1
DA:120,1
DA:121,11
DA:126,6
DA:127,6
DA:128,6
DA:129,6
DA:130,6
DA:131,6
DA:132,6
DA:133,6
DA:135,5
DA:136,6
DA:137,1
DA:138,1
DA:139,1
DA:140,6
DA:145,5
DA:146,5
DA:147,5
DA:148,5
DA:149,5
DA:150,5
DA:151,5
DA:153,4
DA:154,5
DA:155,1
DA:156,1
DA:157,1
DA:158,5
DA:163,9
DA:164,9
DA:165,9
DA:166,9
DA:167,9
DA:168,9
DA:170,9
DA:171,7
DA:172,7
DA:174,8
DA:176,8
DA:177,9
DA:178,1
DA:179,1
DA:180,1
DA:181,9
LF:120
LH:120
BRDA:26,0,0,25
BRDA:35,1,0,24
BRDA:41,2,0,1
BRDA:50,3,0,6
BRDA:61,4,0,2
BRDA:61,5,0,4
BRDA:70,6,0,6
BRDA:88,7,0,5
BRDA:91,8,0,1
BRDA:99,9,0,11
BRDA:115,10,0,10
BRDA:118,11,0,1
BRDA:126,12,0,6
BRDA:133,13,0,5
BRDA:136,14,0,1
BRDA:145,15,0,5
BRDA:151,16,0,4
BRDA:154,17,0,1
BRDA:163,18,0,9
BRDA:170,19,0,7
BRDA:172,20,0,8
BRDA:177,21,0,1
BRF:22
BRH:22
end_of_record
TN:
SF:src/modules/security/bigquery.service.ts
FN:9,logToBigQuery
FNF:1
FNH:1
FNDA:8,logToBigQuery
DA:1,1
DA:5,1
DA:6,1
DA:7,1
DA:9,1
DA:10,8
DA:11,8
DA:12,8
DA:14,8
DA:15,8
DA:16,2
DA:17,2
DA:18,2
DA:20,6
DA:21,8
DA:22,2
DA:23,2
DA:24,2
DA:25,2
DA:26,2
DA:27,2
DA:28,2
DA:29,2
DA:31,6
DA:32,6
DA:33,6
DA:34,6
DA:35,6
DA:37,6
DA:38,5
DA:39,8
DA:40,3
DA:41,3
DA:42,8
LF:34
LH:34
BRDA:9,0,0,8
BRDA:14,1,0,6
BRDA:15,2,0,2
BRDA:18,3,0,6
BRDA:21,4,0,2
BRDA:29,5,0,6
BRDA:37,6,0,5
BRDA:39,7,0,3
BRF:8
BRH:8
end_of_record
TN:
SF:src/modules/security/secrets.service.ts
FN:20,getSecret
FN:54,cacheSecret
FN:64,validateSecrets
FN:76,clearSecretCache
FN:83,maskSecret
FN:94,isValidApiKey
FN:103,isValidConnectionString
FNF:7
FNH:7
FNDA:137,getSecret
FNDA:121,cacheSecret
FNDA:7,validateSecrets
FNDA:119,clearSecretCache
FNDA:11,maskSecret
FNDA:12,isValidApiKey
FNDA:13,isValidConnectionString
DA:1,1
DA:14,1
DA:15,1
DA:20,137
DA:22,137
DA:23,137
DA:24,10
DA:25,10
DA:28,127
DA:30,127
DA:32,127
DA:33,137
DA:35,0
DA:37,137
DA:39,6
DA:40,6
DA:41,6
DA:43,4
DA:44,6
DA:46,137
DA:47,121
DA:48,121
DA:49,121
DA:51,6
DA:52,6
DA:54,121
DA:55,121
DA:56,121
DA:57,121
DA:58,121
DA:59,121
DA:64,7
DA:65,7
DA:66,7
DA:67,107
DA:68,104
DA:69,4
DA:70,7
DA:71,3
DA:72,3
DA:73,3
DA:74,7
DA:76,1
DA:77,119
DA:78,119
DA:83,1
DA:84,11
DA:85,11
DA:86,11
DA:88,6
DA:89,6
DA:94,1
DA:97,12
DA:98,12
DA:103,1
DA:105,13
DA:106,13
LF:57
LH:56
BRDA:20,0,0,137
BRDA:23,1,0,10
BRDA:23,2,0,10
BRDA:25,3,0,127
BRDA:33,4,0,0
BRDA:35,5,0,127
BRDA:37,6,0,6
BRDA:41,7,0,4
BRDA:44,8,0,127
BRDA:46,9,0,121
BRDA:49,10,0,6
BRDA:54,11,0,121
BRDA:64,12,0,7
BRDA:66,13,0,107
BRDA:67,14,0,104
BRDA:68,15,0,4
BRDA:70,16,0,3
BRDA:76,17,0,119
BRDA:83,18,0,11
BRDA:84,19,0,1
BRDA:84,20,0,10
BRDA:85,21,0,1
BRDA:85,22,0,9
BRDA:86,23,0,3
BRDA:86,24,0,6
BRDA:94,25,0,12
BRDA:103,26,0,13
BRF:27
BRH:26
end_of_record
TN:
SF:src/types/errors.ts
FN:14,isZodError
FN:25,getErrorMessage
FNF:2
FNH:2
FNDA:11,isZodError
FNDA:1040,getErrorMessage
DA:14,1
DA:15,11
DA:16,2
DA:17,2
DA:19,11
DA:20,1
DA:21,1
DA:22,8
DA:23,8
DA:25,1
DA:26,1040
DA:27,1024
DA:28,1023
DA:29,1023
DA:30,1
DA:31,1
DA:32,1037
DA:33,3
DA:34,3
DA:35,1040
DA:36,3
DA:37,3
DA:38,3
DA:39,3
DA:40,3
DA:41,10
DA:42,10
LF:27
LH:27
BRDA:14,0,0,11
BRDA:15,1,0,6
BRDA:15,2,0,2
BRDA:17,3,0,9
BRDA:19,4,0,7
BRDA:19,5,0,6
BRDA:19,6,0,1
BRDA:21,7,0,8
BRDA:25,8,0,1040
BRDA:26,9,0,1024
BRDA:27,10,0,1023
BRDA:29,11,0,1
BRDA:31,12,0,1037
BRDA:31,13,0,16
BRDA:32,14,0,3
BRDA:34,15,0,13
BRDA:35,16,0,9
BRDA:35,17,0,7
BRDA:35,18,0,1037
BRDA:35,19,0,3
BRDA:40,20,0,10
BRF:21
BRH:21
end_of_record
TN:
SF:src/utils/ai-firewall.ts
FN:49,aiPromptFirewall
FN:100,assertSafeForAI
FNF:2
FNH:2
FNDA:19,aiPromptFirewall
FNDA:4,assertSafeForAI
DA:1,1
DA:14,1
DA:15,1
DA:16,1
DA:17,1
DA:18,1
DA:19,1
DA:20,1
DA:21,1
DA:22,1
DA:23,1
DA:24,1
DA:25,1
DA:26,1
DA:27,1
DA:28,1
DA:29,1
DA:30,1
DA:31,1
DA:32,1
DA:33,1
DA:34,1
DA:35,1
DA:36,1
DA:37,1
DA:38,1
DA:39,1
DA:40,1
DA:41,1
DA:42,1
DA:43,1
DA:44,1
DA:45,1
DA:47,1
DA:49,1
DA:50,19
DA:51,1
DA:52,1
DA:54,18
DA:55,19
DA:56,540
DA:57,19
DA:58,19
DA:59,540
DA:61,18
DA:62,18
DA:63,5
DA:64,13
DA:65,5
DA:66,8
DA:68,19
DA:70,19
DA:71,19
DA:72,19
DA:73,19
DA:74,19
DA:75,19
DA:76,19
DA:77,19
DA:78,19
DA:81,19
DA:82,19
DA:83,19
DA:84,19
DA:85,19
DA:87,19
DA:88,13
DA:89,13
DA:90,13
DA:91,13
DA:92,13
DA:93,13
DA:94,13
DA:95,13
DA:97,18
DA:98,18
DA:100,1
DA:101,4
DA:102,4
DA:103,1
DA:104,1
DA:105,3
DA:106,3
LF:83
LH:83
BRDA:49,0,0,19
BRDA:50,1,0,18
BRDA:50,2,0,1
BRDA:52,3,0,18
BRDA:55,4,0,540
BRDA:56,5,0,19
BRDA:59,6,0,18
BRDA:62,7,0,5
BRDA:63,8,0,13
BRDA:64,9,0,5
BRDA:65,10,0,8
BRDA:87,11,0,13
BRDA:93,12,0,5
BRDA:93,13,0,8
BRDA:95,14,0,18
BRDA:100,15,0,4
BRDA:102,16,0,3
BRDA:102,17,0,1
BRF:18
BRH:18
end_of_record
TN:
SF:src/utils/firestore-cache.ts
FN:14,<instance_members_initializer>
FN:20,get
FN:36,set
FN:47,invalidate
FN:54,clear
FN:61,size
FN:71,batchGetDocs
FN:111,paginatedQuery
FNF:8
FNH:8
FNDA:1,<instance_members_initializer>
FNDA:10,get
FNDA:6,set
FNDA:1,invalidate
FNDA:10,clear
FNDA:1,size
FNDA:3,batchGetDocs
FNDA:3,paginatedQuery
DA:13,1
DA:14,1
DA:15,1
DA:20,1
DA:21,10
DA:22,10
DA:24,5
DA:25,10
DA:26,1
DA:27,1
DA:28,1
DA:30,4
DA:31,10
DA:36,1
DA:37,6
DA:38,6
DA:39,6
DA:40,6
DA:41,6
DA:42,6
DA:47,1
DA:48,1
DA:49,1
DA:54,1
DA:55,10
DA:56,10
DA:61,1
DA:62,1
DA:63,1
DA:64,1
DA:66,1
DA:71,3
DA:72,3
DA:73,3
DA:74,3
DA:75,3
DA:76,3
DA:79,3
DA:80,4
DA:81,4
DA:82,1
DA:83,4
DA:84,3
DA:85,3
DA:86,4
DA:89,3
DA:90,3
DA:91,3
DA:93,3
DA:94,3
DA:95,3
DA:96,3
DA:98,3
DA:99,3
DA:100,2
DA:101,2
DA:102,3
DA:103,3
DA:105,3
DA:106,3
DA:111,3
DA:112,3
DA:113,3
DA:114,3
DA:119,3
DA:120,3
DA:122,3
DA:123,2
DA:124,2
DA:125,1
DA:126,1
DA:127,2
DA:129,3
DA:130,3
DA:131,3
DA:132,3
DA:134,3
DA:135,3
DA:136,3
DA:137,3
DA:138,3
DA:139,3
LF:82
LH:82
BRDA:14,0,0,1
BRDA:20,1,0,10
BRDA:22,2,0,5
BRDA:25,3,0,1
BRDA:28,4,0,4
BRDA:36,5,0,6
BRDA:47,6,0,1
BRDA:54,7,0,10
BRDA:61,8,0,1
BRDA:71,9,0,3
BRDA:79,10,0,4
BRDA:81,11,0,1
BRDA:83,12,0,3
BRDA:96,13,0,2
BRDA:96,14,0,1
BRDA:99,15,0,2
BRDA:90,16,0,3
BRDA:111,17,0,3
BRDA:122,18,0,2
BRDA:124,19,0,1
BRDA:132,20,0,1
BRDA:132,21,0,2
BRDA:130,22,0,4
BRF:23
BRH:23
end_of_record
TN:
SF:src/utils/performance.ts
FN:18,recordMetric
FN:40,measureAsync
FN:57,measureSync
FN:70,getStats
FN:107,clearMetrics
FNF:5
FNH:5
FNDA:1205,recordMetric
FNDA:1,measureAsync
FNDA:1,measureSync
FNDA:7,getStats
FNDA:7,clearMetrics
DA:12,1
DA:13,1
DA:18,1
DA:19,1205
DA:20,1205
DA:21,1205
DA:22,1205
DA:23,1205
DA:24,1205
DA:27,1205
DA:28,100
DA:29,100
DA:32,1205
DA:33,100
DA:34,100
DA:35,1205
DA:40,1
DA:41,1
DA:42,1
DA:43,1
DA:44,1
DA:45,1
DA:46,1
DA:47,1
DA:48,1
DA:49,1
DA:50,1
DA:51,1
DA:52,1
DA:57,1
DA:58,1
DA:59,1
DA:60,1
DA:61,1
DA:62,1
DA:63,1
DA:64,1
DA:65,1
DA:70,1
DA:77,7
DA:78,7
DA:80,7
DA:81,1
DA:82,1
DA:83,1
DA:84,1
DA:85,1
DA:86,1
DA:87,1
DA:88,1
DA:89,1
DA:91,6
DA:92,6
DA:94,6
DA:95,6
DA:96,6
DA:97,6
DA:98,6
DA:99,6
DA:100,6
DA:101,6
DA:102,6
DA:107,1
DA:108,7
DA:109,7
LF:65
LH:65
BRDA:18,0,0,1205
BRDA:27,1,0,100
BRDA:32,2,0,100
BRDA:40,3,0,1
BRDA:57,4,0,1
BRDA:70,5,0,7
BRDA:78,6,0,6
BRDA:78,7,0,1
BRDA:80,8,0,1
BRDA:89,9,0,6
BRDA:78,10,0,1104
BRDA:91,11,0,1106
BRDA:91,12,0,1100
BRDA:92,13,0,1106
BRDA:107,14,0,7
BRF:15
BRH:15
end_of_record
TN:
SF:src/utils/pii-redaction.ts
FN:81,redactPII
FN:106,redactPIIString
FN:116,assertConsent
FN:135,anonymiseForAnalytics
FNF:4
FNH:4
FNDA:14,redactPII
FNDA:3,redactPIIString
FNDA:2,assertConsent
FNDA:1,anonymiseForAnalytics
DA:18,1
DA:20,1
DA:21,1
DA:22,1
DA:23,1
DA:24,1
DA:26,1
DA:27,1
DA:28,1
DA:29,1
DA:30,1
DA:32,1
DA:33,1
DA:34,1
DA:35,1
DA:36,1
DA:38,1
DA:39,1
DA:40,1
DA:41,1
DA:42,1
DA:44,1
DA:45,1
DA:46,1
DA:47,1
DA:48,1
DA:50,1
DA:51,1
DA:52,1
DA:53,1
DA:54,1
DA:56,1
DA:57,1
DA:58,1
DA:59,1
DA:60,1
DA:62,1
DA:63,1
DA:64,1
DA:65,1
DA:66,1
DA:68,1
DA:69,1
DA:70,1
DA:71,1
DA:72,1
DA:74,1
DA:75,1
DA:76,1
DA:77,1
DA:78,1
DA:79,1
DA:81,1
DA:82,14
DA:83,1
DA:84,1
DA:86,13
DA:87,13
DA:89,14
DA:90,130
DA:91,130
DA:92,19
DA:93,19
DA:94,19
DA:95,19
DA:96,130
DA:97,130
DA:99,13
DA:100,13
DA:101,13
DA:102,13
DA:103,13
DA:104,13
DA:106,1
DA:107,3
DA:108,3
DA:116,1
DA:117,2
DA:118,1
DA:119,1
DA:121,1
DA:122,1
DA:123,2
DA:135,1
DA:136,1
DA:143,1
DA:144,1
DA:145,2
DA:146,1
DA:147,1
DA:148,1
DA:149,1
DA:150,2
DA:152,1
DA:153,1
LF:95
LH:95
BRDA:81,0,0,14
BRDA:82,1,0,13
BRDA:82,2,0,1
BRDA:84,3,0,13
BRDA:89,4,0,130
BRDA:91,5,0,19
BRDA:97,6,0,13
BRDA:106,7,0,3
BRDA:116,8,0,2
BRDA:117,9,0,1
BRDA:135,10,0,1
BRDA:144,11,0,2
BRDA:145,12,0,1
BRF:13
BRH:13
end_of_record
TN:
SF:src/utils/sanitize.ts
FN:5,sanitizeInput
FN:24,sanitizeHtml
FN:40,sanitizeLocation
FN:55,isValidEmail
FN:63,isValidUrl
FN:75,truncateString
FNF:6
FNH:6
FNDA:220,sanitizeInput
FNDA:13,sanitizeHtml
FNDA:15,sanitizeLocation
FNDA:15,isValidEmail
FNDA:14,isValidUrl
FNDA:17,truncateString
DA:5,1
DA:6,220
DA:7,21
DA:8,21
DA:10,199
DA:11,199
DA:12,199
DA:13,199
DA:14,199
DA:15,199
DA:16,199
DA:17,199
DA:18,199
DA:24,1
DA:25,13
DA:26,2
DA:27,2
DA:29,11
DA:30,11
DA:31,11
DA:32,11
DA:33,11
DA:34,11
DA:40,1
DA:41,15
DA:42,1
DA:43,1
DA:46,14
DA:47,14
DA:48,14
DA:49,14
DA:50,14
DA:55,1
DA:56,15
DA:57,15
DA:58,15
DA:63,1
DA:64,14
DA:65,14
DA:66,14
DA:67,14
DA:68,4
DA:69,4
DA:70,14
DA:75,1
DA:76,17
DA:77,2
DA:78,2
DA:79,15
DA:80,15
LF:50
LH:50
BRDA:5,0,0,220
BRDA:6,1,0,199
BRDA:6,2,0,21
BRDA:8,3,0,199
BRDA:24,4,0,13
BRDA:25,5,0,12
BRDA:25,6,0,2
BRDA:27,7,0,11
BRDA:40,8,0,15
BRDA:41,9,0,14
BRDA:41,10,0,1
BRDA:43,11,0,14
BRDA:55,12,0,15
BRDA:57,13,0,9
BRDA:63,14,0,14
BRDA:67,15,0,4
BRDA:75,16,0,17
BRDA:76,17,0,15
BRDA:76,18,0,2
BRDA:78,19,0,15
BRF:20
BRH:20
end_of_record
